# JRE version: Java(TM) SE Runtime Environment (8.0_31-b13) (build 1.8.0_31-b13)
# Java VM: Java HotSpot(TM) 64-Bit Server VM (25.31-b07 mixed mode windows-amd64 compressed oops)
Heap:
 PSYoungGen      total 177664K, used 154674K [0x00000000eab00000, 0x00000000f9280000, 0x0000000100000000)
  eden space 157184K, 88% used [0x00000000eab00000,0x00000000f3343b50,0x00000000f4480000)
  from space 20480K, 73% used [0x00000000f7e80000,0x00000000f8d490a0,0x00000000f9280000)
  to   space 39936K, 0% used [0x00000000f4480000,0x00000000f4480000,0x00000000f6b80000)
 ParOldGen       total 146944K, used 83542K [0x00000000c0000000, 0x00000000c8f80000, 0x00000000eab00000)
  object space 146944K, 56% used [0x00000000c0000000,0x00000000c5195af0,0x00000000c8f80000)
 Metaspace       used 6524K, capacity 7256K, committed 7424K, reserved 1056768K
  class space    used 616K, capacity 656K, committed 768K, reserved 1048576K
GC Heap History (10 events):
Event: 12.682 GC heap before
{Heap before GC invocations=7 (full 0):
 PSYoungGen      total 147456K, used 145224K [0x00000000eab00000, 0x00000000f5100000, 0x0000000100000000)
  eden space 131072K, 100% used [0x00000000eab00000,0x00000000f2b00000,0x00000000f2b00000)
  from space 16384K, 86% used [0x00000000f3d00000,0x00000000f4ad20a8,0x00000000f4d00000)
  to   space 18432K, 0% used [0x00000000f2b00000,0x00000000f2b00000,0x00000000f3d00000)
 ParOldGen       total 87552K, used 20216K [0x00000000c0000000, 0x00000000c5580000, 0x00000000eab00000)
  object space 87552K, 23% used [0x00000000c0000000,0x00000000c13be0b8,0x00000000c5580000)
 Metaspace       used 6493K, capacity 7256K, committed 7424K, reserved 1056768K
  class space    used 615K, capacity 656K, committed 768K, reserved 1048576K
Event: 12.780 GC heap after
Heap after GC invocations=7 (full 0):
 PSYoungGen      total 149504K, used 18424K [0x00000000eab00000, 0x00000000f5100000, 0x0000000100000000)
  eden space 131072K, 0% used [0x00000000eab00000,0x00000000eab00000,0x00000000f2b00000)
  from space 18432K, 99% used [0x00000000f2b00000,0x00000000f3cfe140,0x00000000f3d00000)
  to   space 16384K, 0% used [0x00000000f3d00000,0x00000000f3d00000,0x00000000f4d00000)
 ParOldGen       total 87552K, used 37062K [0x00000000c0000000, 0x00000000c5580000, 0x00000000eab00000)
  object space 87552K, 42% used [0x00000000c0000000,0x00000000c2431860,0x00000000c5580000)
 Metaspace       used 6493K, capacity 7256K, committed 7424K, reserved 1056768K
  class space    used 615K, capacity 656K, committed 768K, reserved 1048576K
}
Event: 13.242 GC heap before
{Heap before GC invocations=8 (full 0):
 PSYoungGen      total 149504K, used 149496K [0x00000000eab00000, 0x00000000f5100000, 0x0000000100000000)
  eden space 131072K, 100% used [0x00000000eab00000,0x00000000f2b00000,0x00000000f2b00000)
  from space 18432K, 99% used [0x00000000f2b00000,0x00000000f3cfe140,0x00000000f3d00000)
  to   space 16384K, 0% used [0x00000000f3d00000,0x00000000f3d00000,0x00000000f4d00000)
 ParOldGen       total 87552K, used 37062K [0x00000000c0000000, 0x00000000c5580000, 0x00000000eab00000)
  object space 87552K, 42% used [0x00000000c0000000,0x00000000c2431860,0x00000000c5580000)
 Metaspace       used 6513K, capacity 7256K, committed 7424K, reserved 1056768K
  class space    used 615K, capacity 656K, committed 768K, reserved 1048576K
Event: 13.295 GC heap after
Heap after GC invocations=8 (full 0):
 PSYoungGen      total 125440K, used 16360K [0x00000000eab00000, 0x00000000ffa00000, 0x0000000100000000)
  eden space 109056K, 0% used [0x00000000eab00000,0x00000000eab00000,0x00000000f1580000)
  from space 16384K, 99% used [0x00000000f3d00000,0x00000000f4cfa088,0x00000000f4d00000)
  to   space 40448K, 0% used [0x00000000f1580000,0x00000000f1580000,0x00000000f3d00000)
 ParOldGen       total 87552K, used 61531K [0x00000000c0000000, 0x00000000c5580000, 0x00000000eab00000)
  object space 87552K, 70% used [0x00000000c0000000,0x00000000c3c16cb8,0x00000000c5580000)
 Metaspace       used 6513K, capacity 7256K, committed 7424K, reserved 1056768K
  class space    used 615K, capacity 656K, committed 768K, reserved 1048576K
}
Event: 13.490 GC heap before
{Heap before GC invocations=9 (full 0):
 PSYoungGen      total 125440K, used 125416K [0x00000000eab00000, 0x00000000ffa00000, 0x0000000100000000)
  eden space 109056K, 100% used [0x00000000eab00000,0x00000000f1580000,0x00000000f1580000)
  from space 16384K, 99% used [0x00000000f3d00000,0x00000000f4cfa088,0x00000000f4d00000)
  to   space 40448K, 0% used [0x00000000f1580000,0x00000000f1580000,0x00000000f3d00000)
 ParOldGen       total 87552K, used 61531K [0x00000000c0000000, 0x00000000c5580000, 0x00000000eab00000)
  object space 87552K, 70% used [0x00000000c0000000,0x00000000c3c16cb8,0x00000000c5580000)
 Metaspace       used 6519K, capacity 7256K, committed 7424K, reserved 1056768K
  class space    used 615K, capacity 656K, committed 768K, reserved 1048576K
Event: 13.524 GC heap after
Heap after GC invocations=9 (full 0):
 PSYoungGen      total 149504K, used 26999K [0x00000000eab00000, 0x00000000fa780000, 0x0000000100000000)
  eden space 109056K, 0% used [0x00000000eab00000,0x00000000eab00000,0x00000000f1580000)
  from space 40448K, 66% used [0x00000000f1580000,0x00000000f2fddd68,0x00000000f3d00000)
  to   space 41984K, 0% used [0x00000000f7e80000,0x00000000f7e80000,0x00000000fa780000)
 ParOldGen       total 87552K, used 66850K [0x00000000c0000000, 0x00000000c5580000, 0x00000000eab00000)
  object space 87552K, 76% used [0x00000000c0000000,0x00000000c4148b40,0x00000000c5580000)
 Metaspace       used 6519K, capacity 7256K, committed 7424K, reserved 1056768K
  class space    used 615K, capacity 656K, committed 768K, reserved 1048576K
}
Event: 13.524 GC heap before
{Heap before GC invocations=10 (full 1):
 PSYoungGen      total 149504K, used 26999K [0x00000000eab00000, 0x00000000fa780000, 0x0000000100000000)
  eden space 109056K, 0% used [0x00000000eab00000,0x00000000eab00000,0x00000000f1580000)
  from space 40448K, 66% used [0x00000000f1580000,0x00000000f2fddd68,0x00000000f3d00000)
  to   space 41984K, 0% used [0x00000000f7e80000,0x00000000f7e80000,0x00000000fa780000)
 ParOldGen       total 87552K, used 66850K [0x00000000c0000000, 0x00000000c5580000, 0x00000000eab00000)
  object space 87552K, 76% used [0x00000000c0000000,0x00000000c4148b40,0x00000000c5580000)
 Metaspace       used 6519K, capacity 7256K, committed 7424K, reserved 1056768K
  class space    used 615K, capacity 656K, committed 768K, reserved 1048576K
Event: 14.026 GC heap after
Heap after GC invocations=10 (full 1):
 PSYoungGen      total 149504K, used 0K [0x00000000eab00000, 0x00000000fa780000, 0x0000000100000000)
  eden space 109056K, 0% used [0x00000000eab00000,0x00000000eab00000,0x00000000f1580000)
  from space 40448K, 0% used [0x00000000f1580000,0x00000000f1580000,0x00000000f3d00000)
  to   space 41984K, 0% used [0x00000000f7e80000,0x00000000f7e80000,0x00000000fa780000)
 ParOldGen       total 146944K, used 83542K [0x00000000c0000000, 0x00000000c8f80000, 0x00000000eab00000)
  object space 146944K, 56% used [0x00000000c0000000,0x00000000c5195af0,0x00000000c8f80000)
 Metaspace       used 6519K, capacity 7256K, committed 7424K, reserved 1056768K
  class space    used 615K, capacity 656K, committed 768K, reserved 1048576K
}
Event: 14.747 GC heap before
{Heap before GC invocations=11 (full 1):
 PSYoungGen      total 149504K, used 109056K [0x00000000eab00000, 0x00000000fa780000, 0x0000000100000000)
  eden space 109056K, 100% used [0x00000000eab00000,0x00000000f1580000,0x00000000f1580000)
  from space 40448K, 0% used [0x00000000f1580000,0x00000000f1580000,0x00000000f3d00000)
  to   space 41984K, 0% used [0x00000000f7e80000,0x00000000f7e80000,0x00000000fa780000)
 ParOldGen       total 146944K, used 83542K [0x00000000c0000000, 0x00000000c8f80000, 0x00000000eab00000)
  object space 146944K, 56% used [0x00000000c0000000,0x00000000c5195af0,0x00000000c8f80000)
 Metaspace       used 6522K, capacity 7256K, committed 7424K, reserved 1056768K
  class space    used 615K, capacity 656K, committed 768K, reserved 1048576K
Event: 14.825 GC heap after
Heap after GC invocations=11 (full 1):
 PSYoungGen      total 177664K, used 15140K [0x00000000eab00000, 0x00000000f9280000, 0x0000000100000000)
  eden space 157184K, 0% used [0x00000000eab00000,0x00000000eab00000,0x00000000f4480000)
  from space 20480K, 73% used [0x00000000f7e80000,0x00000000f8d490a0,0x00000000f9280000)
  to   space 39936K, 0% used [0x00000000f4480000,0x00000000f4480000,0x00000000f6b80000)
 ParOldGen       total 146944K, used 83542K [0x00000000c0000000, 0x00000000c8f80000, 0x00000000eab00000)
  object space 146944K, 56% used [0x00000000c0000000,0x00000000c5195af0,0x00000000c8f80000)
 Metaspace       used 6522K, capacity 7256K, committed 7424K, reserved 1056768K
  class space    used 615K, capacity 656K, committed 768K, reserved 1048576K
}

